<?xml version="1.0" encoding="UTF-8"?>
<!-- Generated by org.testng.reporters.JUnitReportReporter -->
<testsuite hostname="DESKTOP-HNG2TFE" failures="0" tests="1" name="DashboardTest" time="5.435" errors="0" timestamp="2024-10-15T14:50:21 CEST" skipped="0">
  <testcase classname="DashboardTest" name="getAllFittingBets" time="5.435"/>
</testsuite> <!-- DashboardTest -->
